{
  "stats": {
    "suites": 1,
    "tests": 1,
    "passes": 1,
    "pending": 0,
    "failures": 0,
    "start": "2023-06-19T07:28:19.651Z",
    "end": "2023-06-19T07:28:33.555Z",
    "duration": 13904,
    "testsRegistered": 1,
    "passPercent": 100,
    "pendingPercent": 0,
    "other": 0,
    "hasOther": false,
    "skipped": 0,
    "hasSkipped": false
  },
  "results": [
    {
      "uuid": "0429f606-fd38-4acf-9618-e22ef971ec33",
      "title": "",
      "fullFile": "D:\\Testing\\projects\\demoqa\\test\\browserWindows.js",
      "file": "\\test\\browserWindows.js",
      "beforeHooks": [],
      "afterHooks": [],
      "tests": [],
      "suites": [
        {
          "uuid": "da2eadcb-272e-4d8d-bcb0-8077a2fe0492",
          "title": "task for go phptravels",
          "fullFile": "D:\\Testing\\projects\\demoqa\\test\\browserWindows.js",
          "file": "\\test\\browserWindows.js",
          "beforeHooks": [
            {
              "title": "\"before all\" hook in \"task for go phptravels\"",
              "fullTitle": "task for go phptravels \"before all\" hook in \"task for go phptravels\"",
              "timedOut": false,
              "duration": 6857,
              "state": null,
              "speed": null,
              "pass": false,
              "fail": false,
              "pending": false,
              "context": null,
              "code": "// Set up the Selenium WebDriver instance\ndriver = await new Builder().forBrowser(\"chrome\").build();",
              "err": {},
              "uuid": "ffb221a0-9bae-4126-833a-569046f28923",
              "parentUUID": "da2eadcb-272e-4d8d-bcb0-8077a2fe0492",
              "isHook": true,
              "skipped": false
            }
          ],
          "afterHooks": [
            {
              "title": "\"after all\" hook in \"task for go phptravels\"",
              "fullTitle": "task for go phptravels \"after all\" hook in \"task for go phptravels\"",
              "timedOut": false,
              "duration": 0,
              "state": null,
              "speed": null,
              "pass": false,
              "fail": false,
              "pending": false,
              "context": null,
              "code": "// Quit the WebDriver instance\n//await driver.quit();",
              "err": {},
              "uuid": "5ba8a24e-4259-4e19-a58f-56180a94ce86",
              "parentUUID": "da2eadcb-272e-4d8d-bcb0-8077a2fe0492",
              "isHook": true,
              "skipped": false
            }
          ],
          "tests": [
            {
              "title": "checking new tab opening",
              "fullTitle": "task for go phptravels checking new tab opening",
              "timedOut": false,
              "duration": 7039,
              "state": "passed",
              "speed": "slow",
              "pass": true,
              "fail": false,
              "pending": false,
              "context": null,
              "code": "// Navigate to the webpage\ndriver.get(\"https://demoqa.com/\");\nawait driver.manage().window().maximize();\n//navigation to registration form\nawait driver.wait(\n  until.elementIsVisible(driver.findElement(By.className(\"card\")))\n);\nconst secondElement = await driver.findElement(\n  By.css(\"div.card:nth-child(3)\")\n);\nawait driver.executeScript('arguments[0].scrollIntoView()', secondElement);\nawait secondElement.click();\nconst registrationFormLink = await driver.findElement(\n  By.xpath(\"//*[contains(text(), 'Browser Windows')]\")\n);\nregistrationFormLink.click();\n// Wait until the page URL is \"https://demoqa.com/browser-windows\"\nawait driver.wait(until.urlIs(\"https://demoqa.com/browser-windows\"));\nconst currentWindowHandle = await driver.getWindowHandle();\nconst newTabButton1 = await driver.findElement(By.id(\"tabButton\"));\nawait newTabButton1.click();\n// Wait for the new tab to open\nawait driver.wait(async function () {\n  const windowHandles = await driver.getAllWindowHandles();\n  return windowHandles.length > 1;\n});\nconst windowHandles = await driver.getAllWindowHandles();\nconst newWindowHandle = windowHandles.find(\n  (handle) => handle !== currentWindowHandle\n);\n// Switch to the new tab\nawait driver.switchTo().window(newWindowHandle);\nconst newTabHeading = await driver.findElement(By.id(\"sampleHeading\"));\nconst newTabHeadingText = await newTabHeading.getText();\n//assertion\nexpect(newTabHeadingText).to.equal(headingExpectedText);",
              "err": {},
              "uuid": "8c0cd20c-fd89-4173-b4e8-be6fe09bf053",
              "parentUUID": "da2eadcb-272e-4d8d-bcb0-8077a2fe0492",
              "isHook": false,
              "skipped": false
            }
          ],
          "suites": [],
          "passes": [
            "8c0cd20c-fd89-4173-b4e8-be6fe09bf053"
          ],
          "failures": [],
          "pending": [],
          "skipped": [],
          "duration": 7039,
          "root": false,
          "rootEmpty": false,
          "_timeout": 0
        }
      ],
      "passes": [],
      "failures": [],
      "pending": [],
      "skipped": [],
      "duration": 0,
      "root": true,
      "rootEmpty": true,
      "_timeout": 0
    }
  ],
  "meta": {
    "mocha": {
      "version": "10.2.0"
    },
    "mochawesome": {
      "options": {
        "quiet": false,
        "reportFilename": "mochawesome",
        "saveHtml": true,
        "saveJson": true,
        "consoleReporter": "spec",
        "useInlineDiffs": false,
        "code": true
      },
      "version": "7.1.3"
    },
    "marge": {
      "options": null,
      "version": "6.2.0"
    }
  }
}