{
  "stats": {
    "suites": 1,
    "tests": 5,
    "passes": 5,
    "pending": 0,
    "failures": 0,
    "start": "2023-06-09T14:48:30.463Z",
    "end": "2023-06-09T14:48:44.553Z",
    "duration": 14090,
    "testsRegistered": 5,
    "passPercent": 100,
    "pendingPercent": 0,
    "other": 0,
    "hasOther": false,
    "skipped": 0,
    "hasSkipped": false
  },
  "results": [
    {
      "uuid": "2f246d3f-ff11-4f7b-8238-fce28e015179",
      "title": "",
      "fullFile": "D:\\Testing\\projects\\demoqa\\test\\registration.js",
      "file": "\\test\\registration.js",
      "beforeHooks": [],
      "afterHooks": [],
      "tests": [],
      "suites": [
        {
          "uuid": "9e2fdeda-5c4f-4515-b0ef-d44578a3e942",
          "title": "task for go phptravels",
          "fullFile": "D:\\Testing\\projects\\demoqa\\test\\registration.js",
          "file": "\\test\\registration.js",
          "beforeHooks": [
            {
              "title": "\"before all\" hook in \"task for go phptravels\"",
              "fullTitle": "task for go phptravels \"before all\" hook in \"task for go phptravels\"",
              "timedOut": false,
              "duration": 4086,
              "state": null,
              "speed": null,
              "pass": false,
              "fail": false,
              "pending": false,
              "context": null,
              "code": "// Set up the Selenium WebDriver instance\ndriver = await new Builder().forBrowser(\"chrome\").build();",
              "err": {},
              "uuid": "878fb76c-ad38-4647-add6-6baad2a42de0",
              "parentUUID": "9e2fdeda-5c4f-4515-b0ef-d44578a3e942",
              "isHook": true,
              "skipped": false
            }
          ],
          "afterHooks": [
            {
              "title": "\"after all\" hook in \"task for go phptravels\"",
              "fullTitle": "task for go phptravels \"after all\" hook in \"task for go phptravels\"",
              "timedOut": false,
              "duration": 134,
              "state": null,
              "speed": null,
              "pass": false,
              "fail": false,
              "pending": false,
              "context": null,
              "code": "// Quit the WebDriver instance\nawait driver.quit();",
              "err": {},
              "uuid": "0f182d24-5592-4345-b71f-d9108db3f9b4",
              "parentUUID": "9e2fdeda-5c4f-4515-b0ef-d44578a3e942",
              "isHook": true,
              "skipped": false
            }
          ],
          "tests": [
            {
              "title": "successful registration",
              "fullTitle": "task for go phptravels successful registration",
              "timedOut": false,
              "duration": 4983,
              "state": "passed",
              "speed": "slow",
              "pass": true,
              "fail": false,
              "pending": false,
              "context": null,
              "code": "// Navigate to the webpage\ndriver.get(\"https://demoqa.com/\");\nawait driver.manage().window().maximize();\n//navigation to registration form\nawait driver.wait(\n  until.elementIsVisible(driver.findElement(By.className(\"card\")))\n);\nconst secondElement = await driver.findElement(\n  By.css(\"div.card:nth-child(2)\")\n);\nawait secondElement.click();\nconst registrationFormLink = await driver.findElement(\n  By.xpath(\"//*[contains(text(), 'Practice Form')]\")\n);\nregistrationFormLink.click();\n// Wait until the page URL is \"https://demoqa.com/automation-practice-form\"\nawait driver.wait(\n  until.urlIs(\"https://demoqa.com/automation-practice-form\")\n);\nconst firstName = await driver.findElement(By.id(\"firstName\"));\nawait firstName.sendKeys(\"Demnmnis\");\nconst lastName = await driver.findElement(By.id(\"lastName\"));\nawait lastName.sendKeys(\"Poplavskii\");\nconst emailInput = await driver.findElement(By.id(\"userEmail\"));\nawait emailInput.sendKeys(\"hirethisguy@myspace.com\");\nconst genderInput = await driver.findElement(\n  By.css(\"label[for='gender-radio-1']\")\n);\nawait genderInput.click();\nconst mobilePhoneInput = await driver.findElement(By.id(\"userNumber\"));\nawait mobilePhoneInput.sendKeys(\"43211235677\");\n//picking date of birth\nconst dateOfBirthInput = await driver.findElement(\n  By.id(\"dateOfBirthInput\")\n);\nawait dateOfBirthInput.click();\n//year picking\nconst yearInputDateOfBirthInput = await driver.findElement(\n  By.className(\"react-datepicker__year-select\")\n);\nawait yearInputDateOfBirthInput.click();\nconst SelectedBirthYear = await driver.findElement(\n  By.xpath(\"//*[contains(text(), '2007')]\")\n);\nSelectedBirthYear.click();\nawait yearInputDateOfBirthInput.click();\n//month picking\nconst monthInputDateOfBirthInput = await driver.findElement(\n  By.className(\"react-datepicker__month-select\")\n);\nawait monthInputDateOfBirthInput.click();\nconst SelectedBirthMonth = await driver.findElement(\n  By.xpath(\"//*[contains(text(), 'August')]\")\n);\nawait SelectedBirthMonth.click();\nawait monthInputDateOfBirthInput.click();\n//picking day\nconst dayDateOfBirthInput = await driver.findElement(\n  By.className(\"react-datepicker__day react-datepicker__day--009\")\n);\nawait dayDateOfBirthInput.click();\n//submit form js because div intercepting click by selenium\nconst submitButton = await driver.findElement(By.id(\"submit\"));\nawait driver.executeScript(\"arguments[0].click();\", submitButton);\n// Check if the modal window is displayed\nconst isModalWindow = await isModalWindowDisplayed(driver);\ntry {\n  expect(isModalWindow).to.be.true;\n} catch (error) {\n  console.log(`error with modal popup`, error);\n}\n// Check if the header contains the expected text\nconst headerText = await getModalHeaderText(driver);\ntry {\n  expect(headerText).to.include(\"Thanks for submitting the form\");\n} catch (error) {\n  console.log(`error with displayed module`, error);\n}",
              "err": {},
              "uuid": "7219e6a0-7fd8-47fa-941b-0fa17f68271e",
              "parentUUID": "9e2fdeda-5c4f-4515-b0ef-d44578a3e942",
              "isHook": false,
              "skipped": false
            },
            {
              "title": "Submit form button disabled if inputs are empty",
              "fullTitle": "task for go phptravels Submit form button disabled if inputs are empty",
              "timedOut": false,
              "duration": 1122,
              "state": "passed",
              "speed": "slow",
              "pass": true,
              "fail": false,
              "pending": false,
              "context": null,
              "code": "// Navigate to the webpage\ndriver.get(\"https://demoqa.com/\");\nawait driver.manage().window().maximize();\n//navigation to registration form\nawait driver.wait(\n  until.elementIsVisible(driver.findElement(By.className(\"card\")))\n);\nconst secondElement = await driver.findElement(\n  By.css(\"div.card:nth-child(2)\")\n);\nawait secondElement.click();\nconst registrationFormLink = await driver.findElement(\n  By.xpath(\"//*[contains(text(), 'Practice Form')]\")\n);\nregistrationFormLink.click();\n// Wait until the page URL is \"https://demoqa.com/automation-practice-form\"\nawait driver.wait(\n  until.urlIs(\"https://demoqa.com/automation-practice-form\")\n);\ntry {\n  // //submit form js because div intercepting click by selenium\n  const submitButton = await driver.findElement(By.id(\"submit\"));\n  await driver.executeScript(\"arguments[0].click();\", submitButton);\n  // Check if the submit button is disabled\n  const isDisabled = await submitButton.isEnabled();\n  // Assert the expected state of the submit button\n  assert.strictEqual(\n    isDisabled,\n    false,\n    \"Submit button is expected to be disabled.\"\n  );\n  console.log(\"Submit button is disabled as expected.\");\n} catch (error) {\n  console.error(error.message);\n}",
              "err": {},
              "uuid": "8f17fc99-2557-4e09-8d8b-4a5c7da59b88",
              "parentUUID": "9e2fdeda-5c4f-4515-b0ef-d44578a3e942",
              "isHook": false,
              "skipped": false
            },
            {
              "title": "Entering spacebar in name, family name",
              "fullTitle": "task for go phptravels Entering spacebar in name, family name",
              "timedOut": false,
              "duration": 1235,
              "state": "passed",
              "speed": "slow",
              "pass": true,
              "fail": false,
              "pending": false,
              "context": null,
              "code": "// Navigate to the webpage\ndriver.get(\"https://demoqa.com/\");\nawait driver.manage().window().maximize();\n//navigation to registration form\nawait driver.wait(\n  until.elementIsVisible(driver.findElement(By.className(\"card\")))\n);\nconst secondElement = await driver.findElement(\n  By.css(\"div.card:nth-child(2)\")\n);\nawait secondElement.click();\nconst registrationFormLink = await driver.findElement(\n  By.xpath(\"//*[contains(text(), 'Practice Form')]\")\n);\nregistrationFormLink.click();\n// Wait until the page URL is \"https://demoqa.com/automation-practice-form\"\nawait driver.wait(\n  until.urlIs(\"https://demoqa.com/automation-practice-form\")\n);\nconst firstName = await driver.findElement(By.id(\"firstName\"));\nawait firstName.sendKeys(Key.SPACE);\nawait firstName.sendKeys(Key.ENTER);\nconst lastName = await driver.findElement(By.id(\"lastName\"));\nawait lastName.sendKeys(Key.SPACE);\nawait lastName.sendKeys(Key.ENTER);\nconst genderInput = await driver.findElement(\n  By.css(\"label[for='gender-radio-1']\")\n);\nawait genderInput.click();\nconst mobilePhoneInput = await driver.findElement(By.id(\"userNumber\"));\nawait mobilePhoneInput.sendKeys(\"43211235677\");\n//submit form js because div intercepting click by selenium\nconst submitButton = await driver.findElement(By.id(\"submit\"));\nawait driver.executeScript(\"arguments[0].click();\", submitButton);\ntry {\n  // Check if the modal window is displayed\n  const isModalWindow = await isModalWindowDisplayed(driver);\n  expect(isModalWindow).to.be.true;\n  console.log(\n    `Negative case Submit worked: spacebar in \"Name\",\"Surname\" inputs `\n  );\n} catch (error) {\n  console.log(`error with modal popup`, error);\n}",
              "err": {},
              "uuid": "cb017f61-6742-4b87-a5ac-e5adfd9d3c17",
              "parentUUID": "9e2fdeda-5c4f-4515-b0ef-d44578a3e942",
              "isHook": false,
              "skipped": false
            },
            {
              "title": "Entering less than 10 digits in 'Mobile' field",
              "fullTitle": "task for go phptravels Entering less than 10 digits in 'Mobile' field",
              "timedOut": false,
              "duration": 1264,
              "state": "passed",
              "speed": "slow",
              "pass": true,
              "fail": false,
              "pending": false,
              "context": null,
              "code": "// Navigate to the webpage\ndriver.get(\"https://demoqa.com/\");\nawait driver.manage().window().maximize();\n//navigation to registration form\nawait driver.wait(\n  until.elementIsVisible(driver.findElement(By.className(\"card\")))\n);\nconst secondElement = await driver.findElement(\n  By.css(\"div.card:nth-child(2)\")\n);\nawait secondElement.click();\nconst registrationFormLink = await driver.findElement(\n  By.xpath(\"//*[contains(text(), 'Practice Form')]\")\n);\nregistrationFormLink.click();\n// Wait until the page URL is \"https://demoqa.com/automation-practice-form\"\nawait driver.wait(\n  until.urlIs(\"https://demoqa.com/automation-practice-form\")\n);\nconst firstName = await driver.findElement(By.id(\"firstName\"));\nawait firstName.sendKeys(\"name\");\nawait firstName.sendKeys(Key.ENTER);\nconst lastName = await driver.findElement(By.id(\"lastName\"));\nawait lastName.sendKeys(\"surname\");\nawait lastName.sendKeys(Key.ENTER);\nconst genderInput = await driver.findElement(\n  By.css(\"label[for='gender-radio-1']\")\n);\nawait genderInput.click();\nconst mobilePhoneInput = await driver.findElement(By.id(\"userNumber\"));\nawait mobilePhoneInput.sendKeys(\"43211\");\n//submit form js because div intercepting click by selenium\nconst submitButton = await driver.findElement(By.id(\"submit\"));\nawait driver.executeScript(\"arguments[0].click();\", submitButton);\ntry {\n  // Check if the modal window is displayed\n  const isModalWindow = await isModalWindowDisplayed(driver);\n  expect(isModalWindow).to.be.true;\n  console.log(`Negative case Submit worked: short number`);\n} catch (error) {\n  if (\n    error.name === \"NoSuchElementError\" &&\n    error.message.includes(\"Unable to locate element\")\n  ) {\n    console.log(\"Modal window is not displayed. Test failed.\");\n  } else {\n    console.log(\"An error occurred:\", error);\n  }\n}",
              "err": {},
              "uuid": "746749d7-c7b2-492b-bcde-a650393ff326",
              "parentUUID": "9e2fdeda-5c4f-4515-b0ef-d44578a3e942",
              "isHook": false,
              "skipped": false
            },
            {
              "title": "Entering less than 10 digits in 'Mobile' field",
              "fullTitle": "task for go phptravels Entering less than 10 digits in 'Mobile' field",
              "timedOut": false,
              "duration": 1254,
              "state": "passed",
              "speed": "slow",
              "pass": true,
              "fail": false,
              "pending": false,
              "context": null,
              "code": "// Navigate to the webpage\ndriver.get(\"https://demoqa.com/\");\nawait driver.manage().window().maximize();\n//navigation to registration form\nawait driver.wait(\n  until.elementIsVisible(driver.findElement(By.className(\"card\")))\n);\nconst secondElement = await driver.findElement(\n  By.css(\"div.card:nth-child(2)\")\n);\nawait secondElement.click();\nconst registrationFormLink = await driver.findElement(\n  By.xpath(\"//*[contains(text(), 'Practice Form')]\")\n);\nregistrationFormLink.click();\n// Wait until the page URL is \"https://demoqa.com/automation-practice-form\"\nawait driver.wait(\n  until.urlIs(\"https://demoqa.com/automation-practice-form\")\n);\nconst firstName = await driver.findElement(By.id(\"firstName\"));\nawait firstName.sendKeys(\"name\");\nawait firstName.sendKeys(Key.ENTER);\nconst lastName = await driver.findElement(By.id(\"lastName\"));\nawait lastName.sendKeys(\"surname\");\nawait lastName.sendKeys(Key.ENTER);\nconst genderInput = await driver.findElement(\n  By.css(\"label[for='gender-radio-1']\")\n);\nawait genderInput.click();\nconst mobilePhoneInput = await driver.findElement(By.id(\"userNumber\"));\nawait mobilePhoneInput.sendKeys(\"43211\");\n//submit form js because div intercepting click by selenium\nconst submitButton = await driver.findElement(By.id(\"submit\"));\nawait driver.executeScript(\"arguments[0].click();\", submitButton);\ntry {\n  // Check if the modal window is displayed\n  const isModalWindow = await isModalWindowDisplayed(driver);\n  expect(isModalWindow).to.be.true;\n  console.log(`Negative case Submit worked: short number`);\n} catch (error) {\n  if (\n    error.name === \"NoSuchElementError\" &&\n    error.message.includes(\"Unable to locate element\")\n  ) {\n    console.log(\"Modal window is not displayed. Test failed.\");\n  } else {\n    console.log(\"An error occurred:\", error);\n  }\n}",
              "err": {},
              "uuid": "8e97b3de-d5a8-4fc2-b782-c6cdf2e31f6f",
              "parentUUID": "9e2fdeda-5c4f-4515-b0ef-d44578a3e942",
              "isHook": false,
              "skipped": false
            }
          ],
          "suites": [],
          "passes": [
            "7219e6a0-7fd8-47fa-941b-0fa17f68271e",
            "8f17fc99-2557-4e09-8d8b-4a5c7da59b88",
            "cb017f61-6742-4b87-a5ac-e5adfd9d3c17",
            "746749d7-c7b2-492b-bcde-a650393ff326",
            "8e97b3de-d5a8-4fc2-b782-c6cdf2e31f6f"
          ],
          "failures": [],
          "pending": [],
          "skipped": [],
          "duration": 9858,
          "root": false,
          "rootEmpty": false,
          "_timeout": 0
        }
      ],
      "passes": [],
      "failures": [],
      "pending": [],
      "skipped": [],
      "duration": 0,
      "root": true,
      "rootEmpty": true,
      "_timeout": 0
    }
  ],
  "meta": {
    "mocha": {
      "version": "10.2.0"
    },
    "mochawesome": {
      "options": {
        "quiet": false,
        "reportFilename": "mochawesome",
        "saveHtml": true,
        "saveJson": true,
        "consoleReporter": "spec",
        "useInlineDiffs": false,
        "code": true
      },
      "version": "7.1.3"
    },
    "marge": {
      "options": null,
      "version": "6.2.0"
    }
  }
}