{
  "stats": {
    "suites": 1,
    "tests": 5,
    "passes": 4,
    "pending": 0,
    "failures": 1,
    "start": "2023-06-18T16:36:21.452Z",
    "end": "2023-06-18T16:36:38.255Z",
    "duration": 16803,
    "testsRegistered": 5,
    "passPercent": 80,
    "pendingPercent": 0,
    "other": 0,
    "hasOther": false,
    "skipped": 0,
    "hasSkipped": false
  },
  "results": [
    {
      "uuid": "3f65ba3b-af5a-4adb-8f24-ca91d7ed1321",
      "title": "",
      "fullFile": "D:\\Testing\\projects\\demoqa\\test\\registration.js",
      "file": "\\test\\registration.js",
      "beforeHooks": [],
      "afterHooks": [],
      "tests": [],
      "suites": [
        {
          "uuid": "50907f21-5ce1-46ed-8a43-844a57135761",
          "title": "task for go phptravels",
          "fullFile": "D:\\Testing\\projects\\demoqa\\test\\registration.js",
          "file": "\\test\\registration.js",
          "beforeHooks": [
            {
              "title": "\"before all\" hook in \"task for go phptravels\"",
              "fullTitle": "task for go phptravels \"before all\" hook in \"task for go phptravels\"",
              "timedOut": false,
              "duration": 4909,
              "state": null,
              "speed": null,
              "pass": false,
              "fail": false,
              "pending": false,
              "context": null,
              "code": "// Set up the Selenium WebDriver instance\ndriver = await new Builder().forBrowser(\"chrome\").build();\nloginPage = new LoginPage(driver);",
              "err": {},
              "uuid": "745a2e24-d039-4bf8-ab86-2d7cf7c6effe",
              "parentUUID": "50907f21-5ce1-46ed-8a43-844a57135761",
              "isHook": true,
              "skipped": false
            }
          ],
          "afterHooks": [
            {
              "title": "\"after all\" hook in \"task for go phptravels\"",
              "fullTitle": "task for go phptravels \"after all\" hook in \"task for go phptravels\"",
              "timedOut": false,
              "duration": 1,
              "state": null,
              "speed": null,
              "pass": false,
              "fail": false,
              "pending": false,
              "context": null,
              "code": "// Quit the WebDriver instance\n   // await driver.quit();",
              "err": {},
              "uuid": "eca5c6b9-5275-477b-b914-ea8a8fb3bb29",
              "parentUUID": "50907f21-5ce1-46ed-8a43-844a57135761",
              "isHook": true,
              "skipped": false
            }
          ],
          "tests": [
            {
              "title": "successful registration",
              "fullTitle": "task for go phptravels successful registration",
              "timedOut": false,
              "duration": 6203,
              "state": "passed",
              "speed": "slow",
              "pass": true,
              "fail": false,
              "pending": false,
              "context": null,
              "code": "// Navigate to the webpage\ndriver.get(\"https://demoqa.com/\");\nawait driver.manage().window().maximize();\n//navigation to registration form\nawait driver.wait(\n  until.elementIsVisible(driver.findElement(By.className(\"card\")))\n);\nconst secondElement = await driver.findElement(\n  By.css(\"div.card:nth-child(2)\")\n);\nawait secondElement.click();\nconst registrationFormLink = await driver.findElement(\n  By.xpath(\"//*[contains(text(), 'Practice Form')]\")\n);\nregistrationFormLink.click();\n// Wait until the page URL is \"https://demoqa.com/automation-practice-form\"\nawait driver.wait(\n  until.urlIs(\"https://demoqa.com/automation-practice-form\")\n);\n\nloginPage.login(\"Demnmnis\", \"Poplavskii\",\"hirethisguy@myspace.com\");\n\nconst genderInput = await driver.findElement(\n  By.css(\"label[for='gender-radio-1']\")\n);\nawait genderInput.click();\nconst mobilePhoneInput = await driver.findElement(By.id(\"userNumber\"));\nawait mobilePhoneInput.sendKeys(\"43211235677\");\n//picking date of birth\nconst dateOfBirthInput = await driver.findElement(\n  By.id(\"dateOfBirthInput\")\n);\nawait dateOfBirthInput.click();\n//year picking\nconst yearInputDateOfBirthInput = await driver.findElement(\n  By.className(\"react-datepicker__year-select\")\n);\nawait yearInputDateOfBirthInput.click();\nconst SelectedBirthYear = await driver.findElement(\n  By.xpath(\"//*[contains(text(), '2007')]\")\n);\nSelectedBirthYear.click();\nawait yearInputDateOfBirthInput.click();\n//month picking\nconst monthInputDateOfBirthInput = await driver.findElement(\n  By.className(\"react-datepicker__month-select\")\n);\nawait monthInputDateOfBirthInput.click();\nconst SelectedBirthMonth = await driver.findElement(\n  By.xpath(\"//*[contains(text(), 'August')]\")\n);\nawait SelectedBirthMonth.click();\nawait monthInputDateOfBirthInput.click();\n//picking day\nconst dayDateOfBirthInput = await driver.findElement(\n  By.className(\"react-datepicker__day react-datepicker__day--009\")\n);\nawait dayDateOfBirthInput.click();\n//submit form js because div intercepting click by selenium\nconst submitButton = await driver.findElement(By.id(\"submit\"));\nawait driver.executeScript(\"arguments[0].click();\", submitButton);\n// Check if the modal window is displayed\nconst isModalWindow = await isModalWindowDisplayed(driver);\ntry {\n  expect(isModalWindow).to.be.true;\n} catch (error) {\n  console.log(`error with modal popup`, error);\n}\n// Check if the header contains the expected text\nconst headerText = await getModalHeaderText(driver);\ntry {\n  expect(headerText).to.include(\"Thanks for submitting the form\");\n} catch (error) {\n  console.log(`error with displayed module`, error);\n}",
              "err": {},
              "uuid": "75053924-bed5-4297-8023-d062a574c3db",
              "parentUUID": "50907f21-5ce1-46ed-8a43-844a57135761",
              "isHook": false,
              "skipped": false
            },
            {
              "title": "Submit form button disabled if inputs are empty",
              "fullTitle": "task for go phptravels Submit form button disabled if inputs are empty",
              "timedOut": false,
              "duration": 1431,
              "state": "passed",
              "speed": "slow",
              "pass": true,
              "fail": false,
              "pending": false,
              "context": null,
              "code": "// Navigate to the webpage\ndriver.get(\"https://demoqa.com/\");\nawait driver.manage().window().maximize();\n//navigation to registration form\nawait driver.wait(\n  until.elementIsVisible(driver.findElement(By.className(\"card\")))\n);\nconst secondElement = await driver.findElement(\n  By.css(\"div.card:nth-child(2)\")\n);\nawait secondElement.click();\nconst registrationFormLink = await driver.findElement(\n  By.xpath(\"//*[contains(text(), 'Practice Form')]\")\n);\nregistrationFormLink.click();\n// Wait until the page URL is \"https://demoqa.com/automation-practice-form\"\nawait driver.wait(\n  until.urlIs(\"https://demoqa.com/automation-practice-form\")\n);\ntry {\n  // //submit form js because div intercepting click by selenium\n  const submitButton = await driver.findElement(By.id(\"submit\"));\n  await driver.executeScript(\"arguments[0].click();\", submitButton);\n  // Check if the submit button is disabled\n  const isDisabled = await submitButton.isEnabled();\n  // Assert the expected state of the submit button\n  assert.strictEqual(\n    isDisabled,\n    false,\n    \"Submit button is expected to be disabled.\"\n  );\n  console.log(\"Submit button is disabled as expected.\");\n} catch (error) {\n  console.error(error.message);\n}",
              "err": {},
              "uuid": "a337710f-5de2-46e7-92b1-d70e742f3a3c",
              "parentUUID": "50907f21-5ce1-46ed-8a43-844a57135761",
              "isHook": false,
              "skipped": false
            },
            {
              "title": "Entering spacebar in name, family name",
              "fullTitle": "task for go phptravels Entering spacebar in name, family name",
              "timedOut": false,
              "duration": 1614,
              "state": "passed",
              "speed": "slow",
              "pass": true,
              "fail": false,
              "pending": false,
              "context": null,
              "code": "// Navigate to the webpage\ndriver.get(\"https://demoqa.com/\");\nawait driver.manage().window().maximize();\n//navigation to registration form\nawait driver.wait(\n  until.elementIsVisible(driver.findElement(By.className(\"card\")))\n);\nconst secondElement = await driver.findElement(\n  By.css(\"div.card:nth-child(2)\")\n);\nawait secondElement.click();\nconst registrationFormLink = await driver.findElement(\n  By.xpath(\"//*[contains(text(), 'Practice Form')]\")\n);\nregistrationFormLink.click();\n// Wait until the page URL is \"https://demoqa.com/automation-practice-form\"\nawait driver.wait(\n  until.urlIs(\"https://demoqa.com/automation-practice-form\")\n);\nconst firstName = await driver.findElement(By.id(\"firstName\"));\nawait firstName.sendKeys(Key.SPACE);\nawait firstName.sendKeys(Key.ENTER);\nconst lastName = await driver.findElement(By.id(\"lastName\"));\nawait lastName.sendKeys(Key.SPACE);\nawait lastName.sendKeys(Key.ENTER);\nconst genderInput = await driver.findElement(\n  By.css(\"label[for='gender-radio-1']\")\n);\nawait genderInput.click();\nconst mobilePhoneInput = await driver.findElement(By.id(\"userNumber\"));\nawait mobilePhoneInput.sendKeys(\"43211235677\");\n//submit form js because div intercepting click by selenium\nconst submitButton = await driver.findElement(By.id(\"submit\"));\nawait driver.executeScript(\"arguments[0].click();\", submitButton);\ntry {\n  // Check if the modal window is displayed\n  const isModalWindow = await isModalWindowDisplayed(driver);\n  expect(isModalWindow).to.be.true;\n  console.log(\n    `Negative case Submit worked: spacebar in \"Name\",\"Surname\" inputs `\n  );\n} catch (error) {\n  console.log(`error with modal popup`, error);\n}",
              "err": {},
              "uuid": "2c984f79-ded5-472f-9bfb-173df1584c6f",
              "parentUUID": "50907f21-5ce1-46ed-8a43-844a57135761",
              "isHook": false,
              "skipped": false
            },
            {
              "title": "Entering less than 10 digits in 'Mobile' field",
              "fullTitle": "task for go phptravels Entering less than 10 digits in 'Mobile' field",
              "timedOut": false,
              "duration": 1206,
              "state": "passed",
              "speed": "slow",
              "pass": true,
              "fail": false,
              "pending": false,
              "context": null,
              "code": "// Navigate to the webpage\ndriver.get(\"https://demoqa.com/\");\nawait driver.manage().window().maximize();\n//navigation to registration form\nawait driver.wait(\n  until.elementIsVisible(driver.findElement(By.className(\"card\")))\n);\nconst secondElement = await driver.findElement(\n  By.css(\"div.card:nth-child(2)\")\n);\nawait secondElement.click();\nconst registrationFormLink = await driver.findElement(\n  By.xpath(\"//*[contains(text(), 'Practice Form')]\")\n);\nregistrationFormLink.click();\n// Wait until the page URL is \"https://demoqa.com/automation-practice-form\"\nawait driver.wait(\n  until.urlIs(\"https://demoqa.com/automation-practice-form\")\n);\nconst firstName = await driver.findElement(By.id(\"firstName\"));\nawait firstName.sendKeys(\"name\");\nawait firstName.sendKeys(Key.ENTER);\nconst lastName = await driver.findElement(By.id(\"lastName\"));\nawait lastName.sendKeys(\"surname\");\nawait lastName.sendKeys(Key.ENTER);\nconst genderInput = await driver.findElement(\n  By.css(\"label[for='gender-radio-1']\")\n);\nawait genderInput.click();\nconst mobilePhoneInput = await driver.findElement(By.id(\"userNumber\"));\nawait mobilePhoneInput.sendKeys(\"43211\");\n//submit form js because div intercepting click by selenium\nconst submitButton = await driver.findElement(By.id(\"submit\"));\nawait driver.executeScript(\"arguments[0].click();\", submitButton);\ntry {\n  // Check if the modal window is displayed\n  const isModalWindow = await isModalWindowDisplayed(driver);\n  expect(isModalWindow).to.be.true;\n  console.log(`Negative case Submit worked: short number`);\n} catch (error) {\n  if (\n    error.name === \"NoSuchElementError\" &&\n    error.message.includes(\"Unable to locate element\")\n  ) {\n    console.log(\"Modal window is not displayed. Test failed.\");\n  } else {\n    console.log(\"An error occurred:\", error);\n  }\n}",
              "err": {},
              "uuid": "a39dcf4f-12e5-4008-a6d3-86c466a025f5",
              "parentUUID": "50907f21-5ce1-46ed-8a43-844a57135761",
              "isHook": false,
              "skipped": false
            },
            {
              "title": "Entering less than 10 digits in 'Mobile' field",
              "fullTitle": "task for go phptravels Entering less than 10 digits in 'Mobile' field",
              "timedOut": false,
              "duration": 1423,
              "state": "failed",
              "speed": null,
              "pass": false,
              "fail": true,
              "pending": false,
              "context": null,
              "code": "// Navigate to the webpage\ndriver.get(\"https://demoqa.com/\");\nawait driver.manage().window().maximize();\n//navigation to registration form\nawait driver.wait(\n  until.elementIsVisible(driver.findElement(By.className(\"card\")))\n);\nconst secondElement = await driver.findElement(\n  By.css(\"div.card:nth-child(2)\")\n);\nawait secondElement.click();\nconst registrationFormLink = await driver.findElement(\n  By.xpath(\"//*[contains(text(), 'Practice Form')]\")\n);\nregistrationFormLink.click();\n// Wait until the page URL is \"https://demoqa.com/automation-practice-form\"\nawait driver.wait(\n  until.urlIs(\"https://demoqa.com/automation-practice-form\")\n);\nconst firstName = await driver.findElement(By.id(\"firstName\"));\nawait firstName.sendKeys(\"name\");\nawait firstName.sendKeys(Key.ENTER);\nconst lastName = await driver.findElement(By.id(\"lastName\"));\nawait lastName.sendKeys(\"surname\");\nawait lastName.sendKeys(Key.ENTER);\nconst genderInput = await driver.findElement(\n  By.css(\"label[for='gender-radio-1']\")\n);\nawait genderInput.click();\nconst mobilePhoneInput = await driver.findElement(By.id(\"userNumber\"));\nawait mobilePhoneInput.sendKeys(\"43211\");\n//submit form js because div intercepting click by selenium\nconst submitButton = await driver.findElement(By.id(\"submit\"));\nawait driver.executeScript(\"arguments[0].click();\", submitButton);\ntry {\n  // Check if the modal window is displayed\n  const isModalWindow = await isModalWindowDisplayed(driver);\n  expect(isModalWindow).to.be.true;\n  console.log(`Negative case Submit worked: short number`);\n} catch (error) {\n  if (\n    error.name === \"NoSuchElementError\" &&\n    error.message.includes(\"Unable to locate element\")\n  ) {\n    console.log(\"Modal window is not displayed. Test failed.\");\n  } else {\n    console.log(\"An error occurred:\", error);\n  }\n}",
              "err": {
                "message": "NoSuchWindowError: no such window: target window already closed\nfrom unknown error: web view not found\n  (Session info: chrome=109.0.5414.149)",
                "estack": "NoSuchWindowError: no such window: target window already closed\nfrom unknown error: web view not found\n  (Session info: chrome=109.0.5414.149)\n    at Object.throwDecodedError (node_modules\\selenium-webdriver\\lib\\error.js:524:15)\n    at parseHttpResponse (node_modules\\selenium-webdriver\\lib\\http.js:601:13)\n    at Executor.execute (node_modules\\selenium-webdriver\\lib\\http.js:529:28)\n    at process.processTicksAndRejections (node:internal/process/task_queues:95:5)\n    at async Driver.execute (node_modules\\selenium-webdriver\\lib\\webdriver.js:745:17)",
                "diff": null
              },
              "uuid": "7c8d8bf0-fa6c-41a3-98de-26991c3d3327",
              "parentUUID": "50907f21-5ce1-46ed-8a43-844a57135761",
              "isHook": false,
              "skipped": false
            }
          ],
          "suites": [],
          "passes": [
            "75053924-bed5-4297-8023-d062a574c3db",
            "a337710f-5de2-46e7-92b1-d70e742f3a3c",
            "2c984f79-ded5-472f-9bfb-173df1584c6f",
            "a39dcf4f-12e5-4008-a6d3-86c466a025f5"
          ],
          "failures": [
            "7c8d8bf0-fa6c-41a3-98de-26991c3d3327"
          ],
          "pending": [],
          "skipped": [],
          "duration": 11877,
          "root": false,
          "rootEmpty": false,
          "_timeout": 0
        }
      ],
      "passes": [],
      "failures": [],
      "pending": [],
      "skipped": [],
      "duration": 0,
      "root": true,
      "rootEmpty": true,
      "_timeout": 0
    }
  ],
  "meta": {
    "mocha": {
      "version": "10.2.0"
    },
    "mochawesome": {
      "options": {
        "quiet": false,
        "reportFilename": "mochawesome",
        "saveHtml": true,
        "saveJson": true,
        "consoleReporter": "spec",
        "useInlineDiffs": false,
        "code": true
      },
      "version": "7.1.3"
    },
    "marge": {
      "options": null,
      "version": "6.2.0"
    }
  }
}