{
  "stats": {
    "suites": 1,
    "tests": 1,
    "passes": 1,
    "pending": 0,
    "failures": 0,
    "start": "2023-06-09T19:43:00.423Z",
    "end": "2023-06-09T19:43:07.205Z",
    "duration": 6782,
    "testsRegistered": 1,
    "passPercent": 100,
    "pendingPercent": 0,
    "other": 0,
    "hasOther": false,
    "skipped": 0,
    "hasSkipped": false
  },
  "results": [
    {
      "uuid": "b9102b42-a453-4bc4-aa32-f9c3015fe800",
      "title": "",
      "fullFile": "D:\\Testing\\projects\\demoqa\\test\\browserWindows.js",
      "file": "\\test\\browserWindows.js",
      "beforeHooks": [],
      "afterHooks": [],
      "tests": [],
      "suites": [
        {
          "uuid": "6801250a-d0cc-4698-ada4-1ffc2fb1c0e9",
          "title": "task for go phptravels",
          "fullFile": "D:\\Testing\\projects\\demoqa\\test\\browserWindows.js",
          "file": "\\test\\browserWindows.js",
          "beforeHooks": [
            {
              "title": "\"before all\" hook in \"task for go phptravels\"",
              "fullTitle": "task for go phptravels \"before all\" hook in \"task for go phptravels\"",
              "timedOut": false,
              "duration": 1545,
              "state": null,
              "speed": null,
              "pass": false,
              "fail": false,
              "pending": false,
              "context": null,
              "code": "// Set up the Selenium WebDriver instance\ndriver = await new Builder().forBrowser(\"chrome\").build();",
              "err": {},
              "uuid": "b2d7551d-8e33-4d67-a4cd-85fb3eaf3ca2",
              "parentUUID": "6801250a-d0cc-4698-ada4-1ffc2fb1c0e9",
              "isHook": true,
              "skipped": false
            }
          ],
          "afterHooks": [
            {
              "title": "\"after all\" hook in \"task for go phptravels\"",
              "fullTitle": "task for go phptravels \"after all\" hook in \"task for go phptravels\"",
              "timedOut": false,
              "duration": 0,
              "state": null,
              "speed": null,
              "pass": false,
              "fail": false,
              "pending": false,
              "context": null,
              "code": "// Quit the WebDriver instance\n//await driver.quit();",
              "err": {},
              "uuid": "e9fda0fb-6c3c-4e62-99bc-7717b2111e77",
              "parentUUID": "6801250a-d0cc-4698-ada4-1ffc2fb1c0e9",
              "isHook": true,
              "skipped": false
            }
          ],
          "tests": [
            {
              "title": "checking new tab opening",
              "fullTitle": "task for go phptravels checking new tab opening",
              "timedOut": false,
              "duration": 5229,
              "state": "passed",
              "speed": "slow",
              "pass": true,
              "fail": false,
              "pending": false,
              "context": null,
              "code": "// Navigate to the webpage\ndriver.get(\"https://demoqa.com/\");\nawait driver.manage().window().maximize();\n//navigation to registration form\nawait driver.wait(\n  until.elementIsVisible(driver.findElement(By.className(\"card\")))\n);\nconst secondElement = await driver.findElement(\n  By.css(\"div.card:nth-child(3)\")\n);\nawait secondElement.click();\nconst registrationFormLink = await driver.findElement(\n  By.xpath(\"//*[contains(text(), 'Browser Windows')]\")\n);\nregistrationFormLink.click();\n// Wait until the page URL is \"https://demoqa.com/browser-windows\"\nawait driver.wait(\n  until.urlIs(\"https://demoqa.com/browser-windows\")\n);\n\nconst currentWindowHandle = await driver.getWindowHandle();\nconst newTabButton1 = await driver.findElement(\n  By.id(\"tabButton\")\n);\nawait newTabButton1.click()\n\n// Wait for the new tab to open\n  await driver.wait(async function () {\nconst windowHandles = await driver.getAllWindowHandles();\nreturn windowHandles.length > 1;\n  });\n  const windowHandles = await driver.getAllWindowHandles();\n  const newWindowHandle = windowHandles.find(handle => handle !== currentWindowHandle);\n\n  // Switch to the new tab\n  await driver.switchTo().window(newWindowHandle);\nconst newTabHeading = await driver.findElement(\n  By.id(\"sampleHeading\")\n);\nconst newTabHeadingText  = await newTabHeading.getText();\n//assertion\nexpect(newTabHeadingText).to.equal(headingExpectedText);",
              "err": {},
              "uuid": "bd0660de-1d17-47c4-9801-187e6587859b",
              "parentUUID": "6801250a-d0cc-4698-ada4-1ffc2fb1c0e9",
              "isHook": false,
              "skipped": false
            }
          ],
          "suites": [],
          "passes": [
            "bd0660de-1d17-47c4-9801-187e6587859b"
          ],
          "failures": [],
          "pending": [],
          "skipped": [],
          "duration": 5229,
          "root": false,
          "rootEmpty": false,
          "_timeout": 0
        }
      ],
      "passes": [],
      "failures": [],
      "pending": [],
      "skipped": [],
      "duration": 0,
      "root": true,
      "rootEmpty": true,
      "_timeout": 0
    }
  ],
  "meta": {
    "mocha": {
      "version": "10.2.0"
    },
    "mochawesome": {
      "options": {
        "quiet": false,
        "reportFilename": "mochawesome",
        "saveHtml": true,
        "saveJson": true,
        "consoleReporter": "spec",
        "useInlineDiffs": false,
        "code": true
      },
      "version": "7.1.3"
    },
    "marge": {
      "options": null,
      "version": "6.2.0"
    }
  }
}